<?xml version="1.0" encoding="UTF-8"?>
<!-- Generated by org.testng.reporters.JUnitReportReporter -->
<testsuite hostname="Hestabits-MacBook-Pro.local" failures="0" tests="1" name="MarketGuruTestCases.TC_001_Signup" time="22.622" errors="0" timestamp="2024-05-28T13:07:28 IST" skipped="0">
  <testcase classname="MarketGuruTestCases.TC_001_Signup" name="signup_setup" time="22.622"/>
</testsuite> <!-- MarketGuruTestCases.TC_001_Signup -->
