<?xml version="1.0" encoding="UTF-8"?>
<!-- Generated by org.testng.reporters.JUnitReportReporter -->
<testsuite hostname="Hestabits-MacBook-Pro.local" failures="0" tests="1" name="MarketGuruTestCases.TC_002_Forgetpassword" time="11.899" errors="0" timestamp="2024-05-28T13:28:48 IST" skipped="0">
  <testcase classname="MarketGuruTestCases.TC_002_Forgetpassword" name="setup_FP" time="11.899"/>
</testsuite> <!-- MarketGuruTestCases.TC_002_Forgetpassword -->
