<?xml version="1.0" encoding="UTF-8"?>
<!-- Generated by org.testng.reporters.JUnitReportReporter -->
<testsuite hostname="Hestabits-MacBook-Pro.local" failures="0" tests="1" name="MarketGuruTestCases.TC_005_CreatenewProject" time="33.748" errors="0" timestamp="2024-04-29T19:24:07 IST" skipped="0">
  <testcase classname="MarketGuruTestCases.TC_005_CreatenewProject" name="set_newproject" time="33.748"/>
</testsuite> <!-- MarketGuruTestCases.TC_005_CreatenewProject -->
