<?xml version="1.0" encoding="UTF-8"?>
<!-- Generated by org.testng.reporters.JUnitReportReporter -->
<testsuite hostname="Hestabits-MacBook-Pro.local" failures="0" tests="1" name="MarketGuruTestCases.TC_004_Payment" time="11.946" errors="0" timestamp="2024-04-29T17:17:13 IST" skipped="0">
  <testcase classname="MarketGuruTestCases.TC_004_Payment" name="payments_setup" time="11.946"/>
</testsuite> <!-- MarketGuruTestCases.TC_004_Payment -->
