<?xml version="1.0" encoding="UTF-8"?>
<!-- Generated by org.testng.reporters.JUnitReportReporter -->
<testsuite hostname="Hestabits-MacBook-Pro.local" failures="0" tests="1" name="MarketGuruTestCases.TC_003_Login" time="1.242" errors="0" timestamp="2024-04-29T17:18:41 IST" skipped="0">
  <testcase classname="MarketGuruTestCases.TC_003_Login" name="log_setup" time="1.242"/>
</testsuite> <!-- MarketGuruTestCases.TC_003_Login -->
